TN:
SF:src/config/auth.ts
FNF:0
FNH:0
DA:1,1
DA:2,1
DA:3,1
DA:4,1
DA:5,1
DA:6,1
DA:7,1
DA:8,1
LF:8
LH:8
BRF:0
BRH:0
end_of_record
TN:
SF:src/modules/statements/entities/Statement.ts
FN:45,Statement
FN:26,Object.<anonymous>.typeorm_1.JoinColumn.name
FNF:2
FNH:0
FNDA:0,Statement
FNDA:0,Object.<anonymous>.typeorm_1.JoinColumn.name
DA:1,1
DA:2,1
DA:3,1
DA:4,1
DA:5,1
DA:6,1
DA:7,1
DA:8,1
DA:9,1
DA:10,1
DA:11,1
DA:12,1
DA:13,3
DA:14,3
DA:15,3
DA:16,3
DA:17,1
DA:18,1
DA:19,3
DA:20,3
DA:21,3
DA:22,3
DA:23,3
DA:24,3
DA:25,3
DA:26,3
DA:27,3
DA:28,3
DA:29,3
DA:30,3
DA:31,3
DA:32,3
DA:33,3
DA:34,3
DA:35,3
DA:36,3
DA:37,3
DA:38,3
DA:39,3
DA:40,3
DA:41,3
DA:42,3
DA:43,3
DA:44,3
DA:45,3
DA:46,0
DA:47,0
DA:48,0
DA:49,0
DA:50,3
LF:50
LH:46
BRDA:13,0,0,3
BRDA:19,1,0,3
BRF:2
BRH:2
end_of_record
TN:
SF:src/modules/users/entities/User.ts
FN:35,User
FNF:1
FNH:1
FNDA:5,User
DA:1,1
DA:2,1
DA:3,1
DA:4,1
DA:5,1
DA:6,1
DA:7,1
DA:8,1
DA:9,1
DA:10,1
DA:11,1
DA:12,1
DA:13,3
DA:14,3
DA:15,3
DA:16,3
DA:17,3
DA:18,3
DA:19,3
DA:20,3
DA:21,3
DA:22,3
DA:23,3
DA:24,3
DA:25,3
DA:26,3
DA:27,3
DA:28,3
DA:29,3
DA:30,3
DA:31,3
DA:32,3
DA:33,3
DA:34,3
DA:35,3
DA:36,5
DA:37,5
DA:38,5
DA:39,5
DA:40,3
LF:40
LH:40
BRDA:13,0,0,3
BRDA:35,1,0,5
BRF:2
BRH:2
end_of_record
TN:
SF:src/modules/users/repositories/in-memory/InMemoryUsersRepository.ts
FN:6,InMemoryUsersRepository
FN:9,Object.<anonymous>.InMemoryUsersRepository.findByEmail
FN:13,Object.<anonymous>.InMemoryUsersRepository.findById
FN:17,Object.<anonymous>.InMemoryUsersRepository.create
FNF:4
FNH:4
FNDA:6,InMemoryUsersRepository
FNDA:10,Object.<anonymous>.InMemoryUsersRepository.findByEmail
FNDA:1,Object.<anonymous>.InMemoryUsersRepository.findById
FNDA:5,Object.<anonymous>.InMemoryUsersRepository.create
DA:1,1
DA:2,1
DA:3,1
DA:4,1
DA:5,1
DA:6,6
DA:7,6
DA:8,6
DA:9,6
DA:10,10
DA:11,10
DA:12,6
DA:13,6
DA:14,1
DA:15,1
DA:16,6
DA:17,6
DA:18,5
DA:19,5
DA:20,5
DA:21,5
DA:22,5
DA:23,6
LF:23
LH:23
BRDA:6,0,0,3
BRDA:6,1,0,6
BRDA:9,2,0,10
BRDA:10,3,0,4
BRDA:13,4,0,1
BRDA:14,5,0,1
BRDA:17,6,0,5
BRF:7
BRH:7
end_of_record
TN:
SF:src/modules/users/useCases/authenticateUser/AuthenticateUserUseCase.ts
FN:18,AuthenticateUserUseCase
FN:23,Object.<anonymous>.AuthenticateUserUseCase.execute
FNF:2
FNH:2
FNDA:4,AuthenticateUserUseCase
FNDA:4,Object.<anonymous>.AuthenticateUserUseCase.execute
DA:1,1
DA:2,1
DA:3,1
DA:4,1
DA:5,1
DA:6,1
DA:7,1
DA:8,1
DA:9,1
DA:10,1
DA:11,1
DA:12,1
DA:13,1
DA:14,1
DA:15,1
DA:16,1
DA:17,2
DA:18,2
DA:19,4
DA:20,4
DA:21,4
DA:22,2
DA:23,2
DA:24,4
DA:25,4
DA:26,4
DA:27,1
DA:28,1
DA:29,3
DA:30,3
DA:31,4
DA:32,4
DA:33,0
DA:34,0
DA:35,4
DA:36,4
DA:37,4
DA:38,4
DA:39,4
DA:40,4
DA:41,4
DA:42,4
DA:43,4
DA:44,4
DA:45,4
DA:46,4
DA:47,4
DA:48,4
DA:49,4
DA:50,4
DA:51,4
DA:52,2
LF:52
LH:50
BRDA:17,0,0,2
BRDA:18,1,0,4
BRDA:23,2,0,4
BRDA:24,3,0,4
BRDA:26,4,0,1
BRDA:29,5,0,3
BRDA:32,6,0,0
BRF:7
BRH:6
end_of_record
TN:
SF:src/modules/users/useCases/authenticateUser/IncorrectEmailOrPasswordError.ts
FN:4,IncorrectEmailOrPasswordError
FNF:1
FNH:1
FNDA:1,IncorrectEmailOrPasswordError
DA:1,1
DA:2,1
DA:3,2
DA:4,2
DA:5,1
DA:6,1
DA:7,2
LF:7
LH:7
BRDA:3,0,0,2
BRDA:4,1,0,1
BRF:2
BRH:2
end_of_record
TN:
SF:src/modules/users/useCases/createUser/CreateUserError.ts
FN:4,CreateUserError
FNF:1
FNH:0
FNDA:0,CreateUserError
DA:1,1
DA:2,1
DA:3,3
DA:4,3
DA:5,0
DA:6,0
DA:7,3
LF:7
LH:5
BRDA:3,0,0,3
BRF:1
BRH:1
end_of_record
TN:
SF:src/modules/users/useCases/createUser/CreateUserUseCase.ts
FN:11,CreateUserUseCase
FN:16,Object.<anonymous>.CreateUserUseCase.execute
FNF:2
FNH:2
FNDA:6,CreateUserUseCase
FNDA:6,Object.<anonymous>.CreateUserUseCase.execute
DA:1,1
DA:2,1
DA:3,1
DA:4,1
DA:5,1
DA:6,1
DA:7,1
DA:8,1
DA:9,1
DA:10,3
DA:11,3
DA:12,6
DA:13,6
DA:14,6
DA:15,3
DA:16,3
DA:17,6
DA:18,6
DA:19,6
DA:20,0
DA:21,0
DA:22,6
DA:23,6
DA:24,6
DA:25,6
DA:26,6
DA:27,6
DA:28,6
DA:29,6
DA:30,6
DA:31,6
DA:32,6
DA:33,3
LF:33
LH:31
BRDA:10,0,0,3
BRDA:11,1,0,6
BRDA:16,2,0,6
BRDA:17,3,0,6
BRDA:19,4,0,0
BRF:5
BRH:4
end_of_record
TN:
SF:src/modules/users/useCases/showUserProfile/ShowUserProfileError.ts
FN:4,ShowUserProfileError
FNF:1
FNH:0
FNDA:0,ShowUserProfileError
DA:1,1
DA:2,1
DA:3,1
DA:4,1
DA:5,0
DA:6,0
DA:7,1
LF:7
LH:5
BRDA:3,0,0,1
BRF:1
BRH:1
end_of_record
TN:
SF:src/modules/users/useCases/showUserProfile/ShowUserProfileUseCase.ts
FN:8,ShowUserProfileUseCase
FN:13,Object.<anonymous>.ShowUserProfileUseCase.execute
FNF:2
FNH:2
FNDA:1,ShowUserProfileUseCase
FNDA:1,Object.<anonymous>.ShowUserProfileUseCase.execute
DA:1,1
DA:2,1
DA:3,1
DA:4,1
DA:5,1
DA:6,1
DA:7,1
DA:8,1
DA:9,1
DA:10,1
DA:11,1
DA:12,1
DA:13,1
DA:14,1
DA:15,1
DA:16,1
DA:17,0
DA:18,0
DA:19,1
DA:20,1
DA:21,1
DA:22,1
LF:22
LH:20
BRDA:7,0,0,1
BRDA:8,1,0,1
BRDA:13,2,0,1
BRDA:14,3,0,1
BRDA:16,4,0,0
BRF:5
BRH:4
end_of_record
TN:
SF:src/shared/errors/AppError.ts
FN:6,AppError
FNF:1
FNH:1
FNDA:1,AppError
DA:1,3
DA:2,3
DA:3,3
DA:4,3
DA:5,3
DA:6,3
DA:7,1
DA:8,1
DA:9,1
DA:10,3
LF:10
LH:10
BRDA:1,0,0,3
BRDA:6,1,0,1
BRDA:6,2,0,0
BRF:3
BRH:2
end_of_record
